31-Mar-2018 22:26:59.249 信息 [main] org.apache.catalina.startup.VersionLoggerListener.log Server version:        Apache Tomcat/8.5.29
31-Mar-2018 22:26:59.249 信息 [main] org.apache.catalina.startup.VersionLoggerListener.log Server built:          Mar 5 2018 13:11:12 UTC
31-Mar-2018 22:26:59.264 信息 [main] org.apache.catalina.startup.VersionLoggerListener.log Server number:         8.5.29.0
31-Mar-2018 22:26:59.264 信息 [main] org.apache.catalina.startup.VersionLoggerListener.log OS Name:               Windows 10
31-Mar-2018 22:26:59.264 信息 [main] org.apache.catalina.startup.VersionLoggerListener.log OS Version:            10.0
31-Mar-2018 22:26:59.264 信息 [main] org.apache.catalina.startup.VersionLoggerListener.log Architecture:          amd64
31-Mar-2018 22:26:59.264 信息 [main] org.apache.catalina.startup.VersionLoggerListener.log Java Home:             C:\Program Files\Java\jdk1.8.0_66\jre
31-Mar-2018 22:26:59.264 信息 [main] org.apache.catalina.startup.VersionLoggerListener.log JVM Version:           1.8.0_66-b18
31-Mar-2018 22:26:59.264 信息 [main] org.apache.catalina.startup.VersionLoggerListener.log JVM Vendor:            Oracle Corporation
31-Mar-2018 22:26:59.264 信息 [main] org.apache.catalina.startup.VersionLoggerListener.log CATALINA_BASE:         D:\Clusters\apache-tomcat1-8.5.29
31-Mar-2018 22:26:59.264 信息 [main] org.apache.catalina.startup.VersionLoggerListener.log CATALINA_HOME:         D:\Clusters\apache-tomcat1-8.5.29
31-Mar-2018 22:26:59.264 信息 [main] org.apache.catalina.startup.VersionLoggerListener.log Command line argument: -Djava.util.logging.config.file=D:\Clusters\apache-tomcat1-8.5.29\conf\logging.properties
31-Mar-2018 22:26:59.264 信息 [main] org.apache.catalina.startup.VersionLoggerListener.log Command line argument: -Djava.util.logging.manager=org.apache.juli.ClassLoaderLogManager
31-Mar-2018 22:26:59.264 信息 [main] org.apache.catalina.startup.VersionLoggerListener.log Command line argument: -Djdk.tls.ephemeralDHKeySize=2048
31-Mar-2018 22:26:59.264 信息 [main] org.apache.catalina.startup.VersionLoggerListener.log Command line argument: -Djava.protocol.handler.pkgs=org.apache.catalina.webresources
31-Mar-2018 22:26:59.264 信息 [main] org.apache.catalina.startup.VersionLoggerListener.log Command line argument: -Dignore.endorsed.dirs=
31-Mar-2018 22:26:59.264 信息 [main] org.apache.catalina.startup.VersionLoggerListener.log Command line argument: -Dcatalina.base=D:\Clusters\apache-tomcat1-8.5.29
31-Mar-2018 22:26:59.280 信息 [main] org.apache.catalina.startup.VersionLoggerListener.log Command line argument: -Dcatalina.home=D:\Clusters\apache-tomcat1-8.5.29
31-Mar-2018 22:26:59.295 信息 [main] org.apache.catalina.startup.VersionLoggerListener.log Command line argument: -Djava.io.tmpdir=D:\Clusters\apache-tomcat1-8.5.29\temp
31-Mar-2018 22:26:59.295 信息 [main] org.apache.catalina.core.AprLifecycleListener.lifecycleEvent Loaded APR based Apache Tomcat Native library [1.2.16] using APR version [1.6.3].
31-Mar-2018 22:26:59.295 信息 [main] org.apache.catalina.core.AprLifecycleListener.lifecycleEvent APR capabilities: IPv6 [true], sendfile [true], accept filters [false], random [true].
31-Mar-2018 22:26:59.295 信息 [main] org.apache.catalina.core.AprLifecycleListener.lifecycleEvent APR/OpenSSL configuration: useAprConnector [false], useOpenSSL [true]
31-Mar-2018 22:27:00.499 信息 [main] org.apache.catalina.core.AprLifecycleListener.initializeSSL OpenSSL successfully initialized [OpenSSL 1.0.2m  2 Nov 2017]
31-Mar-2018 22:27:01.139 信息 [main] org.apache.coyote.AbstractProtocol.init Initializing ProtocolHandler ["http-nio-8002"]
31-Mar-2018 22:27:01.547 信息 [main] org.apache.tomcat.util.net.NioSelectorPool.getSharedSelector Using a shared selector for servlet write/read
31-Mar-2018 22:27:01.563 信息 [main] org.apache.coyote.AbstractProtocol.init Initializing ProtocolHandler ["ajp-nio-50001"]
31-Mar-2018 22:27:01.578 信息 [main] org.apache.tomcat.util.net.NioSelectorPool.getSharedSelector Using a shared selector for servlet write/read
31-Mar-2018 22:27:01.578 信息 [main] org.apache.catalina.startup.Catalina.load Initialization processed in 3885 ms
31-Mar-2018 22:27:01.719 信息 [main] org.apache.catalina.core.StandardService.startInternal Starting service [Catalina]
31-Mar-2018 22:27:01.719 信息 [main] org.apache.catalina.core.StandardEngine.startInternal Starting Servlet Engine: Apache Tomcat/8.5.29
31-Mar-2018 22:27:01.750 信息 [localhost-startStop-1] org.apache.catalina.startup.HostConfig.deployDirectory Deploying web application directory [D:\Clusters\apache-tomcat1-8.5.29\webapps\docs]
31-Mar-2018 22:27:02.999 警告 [localhost-startStop-1] org.apache.catalina.util.SessionIdGeneratorBase.createSecureRandom Creation of SecureRandom instance for session ID generation using [SHA1PRNG] took [265] milliseconds.
31-Mar-2018 22:27:03.062 信息 [localhost-startStop-1] org.apache.catalina.startup.HostConfig.deployDirectory Deployment of web application directory [D:\Clusters\apache-tomcat1-8.5.29\webapps\docs] has finished in [1,312] ms
31-Mar-2018 22:27:03.062 信息 [localhost-startStop-1] org.apache.catalina.startup.HostConfig.deployDirectory Deploying web application directory [D:\Clusters\apache-tomcat1-8.5.29\webapps\examples]
31-Mar-2018 22:27:03.921 信息 [localhost-startStop-1] org.apache.catalina.startup.HostConfig.deployDirectory Deployment of web application directory [D:\Clusters\apache-tomcat1-8.5.29\webapps\examples] has finished in [859] ms
31-Mar-2018 22:27:03.921 信息 [localhost-startStop-1] org.apache.catalina.startup.HostConfig.deployDirectory Deploying web application directory [D:\Clusters\apache-tomcat1-8.5.29\webapps\host-manager]
31-Mar-2018 22:27:03.999 信息 [localhost-startStop-1] org.apache.catalina.startup.HostConfig.deployDirectory Deployment of web application directory [D:\Clusters\apache-tomcat1-8.5.29\webapps\host-manager] has finished in [78] ms
31-Mar-2018 22:27:03.999 信息 [localhost-startStop-1] org.apache.catalina.startup.HostConfig.deployDirectory Deploying web application directory [D:\Clusters\apache-tomcat1-8.5.29\webapps\manager]
31-Mar-2018 22:27:04.062 信息 [localhost-startStop-1] org.apache.catalina.startup.HostConfig.deployDirectory Deployment of web application directory [D:\Clusters\apache-tomcat1-8.5.29\webapps\manager] has finished in [63] ms
31-Mar-2018 22:27:04.078 信息 [localhost-startStop-1] org.apache.catalina.startup.HostConfig.deployDirectory Deploying web application directory [D:\Clusters\apache-tomcat1-8.5.29\webapps\ROOT]
31-Mar-2018 22:27:04.125 信息 [localhost-startStop-1] org.apache.catalina.startup.HostConfig.deployDirectory Deployment of web application directory [D:\Clusters\apache-tomcat1-8.5.29\webapps\ROOT] has finished in [47] ms
31-Mar-2018 22:27:04.140 信息 [main] org.apache.coyote.AbstractProtocol.start Starting ProtocolHandler ["http-nio-8002"]
31-Mar-2018 22:27:04.156 信息 [main] org.apache.coyote.AbstractProtocol.start Starting ProtocolHandler ["ajp-nio-50001"]
31-Mar-2018 22:27:04.171 信息 [main] org.apache.catalina.startup.Catalina.start Server startup in 2586 ms
31-Mar-2018 22:28:33.728 信息 [Thread-5] org.apache.coyote.AbstractProtocol.pause Pausing ProtocolHandler ["http-nio-8002"]
